2026-01-28 09:23:59 [error]: Failed to start server {"error":{"name":"PrismaClientInitializationError","clientVersion":"5.22.0","errorCode":"P1000"}}
2026-01-28 10:27:50 [error]: Prisma Error {"error":{"timestamp":"2026-01-28T04:57:50.617Z","message":"Error in PostgreSQL connection: Error { kind: Io, cause: Some(Os { code: 10054, kind: ConnectionReset, message: \"An existing connection was forcibly closed by the remote host.\" }) }","target":"quaint::connector::postgres::native"}}
2026-01-28 11:09:54 [error]: Prisma Error {"error":{"message":"\nInvalid `prisma.user.findUnique()` invocation in\nC:\\Users\\VANSH\\Desktop\\velo-crypto-platform\\backend\\src\\controllers\\auth.controller.ts:34:36\n\n  31   return;\n  32 }\n  33 \n→ 34 let user = await prisma.user.findUnique(\nThe table `public.users` does not exist in the current database.","target":"user.findUnique","timestamp":"2026-01-28T05:39:54.596Z"}}
2026-01-28 11:09:54 [error]: Google auth error {"error":{"name":"PrismaClientKnownRequestError","code":"P2021","clientVersion":"5.22.0","meta":{"modelName":"User","table":"public.users"}}}
2026-01-28 11:13:37 [error]: Prisma Error {"error":{"message":"\nInvalid `prisma.user.findUnique()` invocation in\nC:\\Users\\VANSH\\Desktop\\velo-crypto-platform\\backend\\src\\controllers\\auth.controller.ts:34:36\n\n  31   return;\n  32 }\n  33 \n→ 34 let user = await prisma.user.findUnique(\nThe table `public.users` does not exist in the current database.","target":"user.findUnique","timestamp":"2026-01-28T05:43:37.637Z"}}
2026-01-28 11:13:37 [error]: Google auth error {"error":{"name":"PrismaClientKnownRequestError","code":"P2021","clientVersion":"5.22.0","meta":{"modelName":"User","table":"public.users"}}}
2026-01-28 11:13:47 [error]: Prisma Error {"error":{"message":"\nInvalid `prisma.user.findUnique()` invocation in\nC:\\Users\\VANSH\\Desktop\\velo-crypto-platform\\backend\\src\\controllers\\auth.controller.ts:34:36\n\n  31   return;\n  32 }\n  33 \n→ 34 let user = await prisma.user.findUnique(\nThe table `public.users` does not exist in the current database.","target":"user.findUnique","timestamp":"2026-01-28T05:43:47.700Z"}}
2026-01-28 11:13:47 [error]: Google auth error {"error":{"name":"PrismaClientKnownRequestError","code":"P2021","clientVersion":"5.22.0","meta":{"modelName":"User","table":"public.users"}}}
2026-01-28 17:08:58 [error]: Prisma Error {"error":{"timestamp":"2026-01-28T11:38:58.060Z","message":"Error in PostgreSQL connection: Error { kind: Io, cause: Some(Os { code: 10054, kind: ConnectionReset, message: \"An existing connection was forcibly closed by the remote host.\" }) }","target":"quaint::connector::postgres::native"}}
2026-01-29 17:15:01 [error]: Uncaught exception {"error":{"code":"EADDRINUSE","errno":-4091,"syscall":"listen","address":"::","port":4000}}
2026-01-29 17:16:32 [error]: Prisma Error {"error":{"message":"\nInvalid `prisma.user.findUnique()` invocation in\nC:\\Users\\VANSH\\Desktop\\velo-crypto-platform\\backend\\src\\controllers\\auth.controller.ts:38:36\n\n  35   return;\n  36 }\n  37 \n→ 38 let user = await prisma.user.findUnique(\nThe table `public.users` does not exist in the current database.","target":"user.findUnique","timestamp":"2026-01-29T11:46:32.261Z"}}
2026-01-29 17:16:32 [error]: Google auth error {"error":{"name":"PrismaClientKnownRequestError","code":"P2021","clientVersion":"5.22.0","meta":{"modelName":"User","table":"public.users"}}}
2026-01-29 17:22:22 [error]: Prisma Error {"error":{"message":"\nInvalid `prisma.user.findUnique()` invocation in\nC:\\Users\\VANSH\\Desktop\\velo-crypto-platform\\backend\\src\\controllers\\auth.controller.ts:38:36\n\n  35   return;\n  36 }\n  37 \n→ 38 let user = await prisma.user.findUnique(\nThe table `public.users` does not exist in the current database.","target":"user.findUnique","timestamp":"2026-01-29T11:52:22.540Z"}}
2026-01-29 17:22:22 [error]: Google auth error {"error":{"name":"PrismaClientKnownRequestError","code":"P2021","clientVersion":"5.22.0","meta":{"modelName":"User","table":"public.users"}}}
2026-01-29 19:17:06 [error]: Prisma Error {"error":{"timestamp":"2026-01-29T13:47:06.310Z","message":"Error in PostgreSQL connection: Error { kind: Io, cause: Some(Os { code: 10054, kind: ConnectionReset, message: \"An existing connection was forcibly closed by the remote host.\" }) }","target":"quaint::connector::postgres::native"}}
2026-01-29 23:01:44 [error]: Prisma Error {"error":{"message":"\nInvalid `prisma.user.findUnique()` invocation in\nC:\\Users\\VANSH\\Desktop\\velo-crypto-platform\\backend\\src\\controllers\\auth.controller.ts:38:36\n\n  35   return;\n  36 }\n  37 \n→ 38 let user = await prisma.user.findUnique(\nThe table `public.users` does not exist in the current database.","target":"user.findUnique","timestamp":"2026-01-29T17:31:44.889Z"}}
2026-01-29 23:01:44 [error]: Google auth error {"error":{"name":"PrismaClientKnownRequestError","code":"P2021","clientVersion":"5.22.0","meta":{"modelName":"User","table":"public.users"}}}
2026-01-29 23:30:46 [error]: Transak on-ramp order failed {"error":{"error":{"statusCode":401,"name":"Unauthorized","message":"Authorization Required"}}}
2026-01-29 23:30:46 [error]: On-ramp initiation failed {"userId":"ba17a4dd-b39f-4361-aa0c-4c87d2f51666","amount":10,"error":{"statusCode":500,"isOperational":true}}
2026-01-29 23:30:46 [error]: Add money failed {"userId":"ba17a4dd-b39f-4361-aa0c-4c87d2f51666","error":{"statusCode":500,"isOperational":true}}
2026-01-30 01:41:55 [error]: Prisma Error {"error":{"timestamp":"2026-01-29T20:11:55.176Z","message":"Error in PostgreSQL connection: Error { kind: Io, cause: Some(Os { code: 10054, kind: ConnectionReset, message: \"An existing connection was forcibly closed by the remote host.\" }) }","target":"quaint::connector::postgres::native"}}
2026-01-30 01:41:56 [error]: Prisma Error {"error":{"timestamp":"2026-01-29T20:11:56.077Z","message":"Error in PostgreSQL connection: Error { kind: Io, cause: Some(Os { code: 10054, kind: ConnectionReset, message: \"An existing connection was forcibly closed by the remote host.\" }) }","target":"quaint::connector::postgres::native"}}
2026-01-30 01:41:56 [error]: Prisma Error {"error":{"timestamp":"2026-01-29T20:11:56.080Z","message":"Error in PostgreSQL connection: Error { kind: Io, cause: Some(Os { code: 10054, kind: ConnectionReset, message: \"An existing connection was forcibly closed by the remote host.\" }) }","target":"quaint::connector::postgres::native"}}
2026-01-30 19:23:21 [error]: Prisma Error {"error":{"timestamp":"2026-01-30T13:53:21.442Z","message":"Error in PostgreSQL connection: Error { kind: Io, cause: Some(Os { code: 10054, kind: ConnectionReset, message: \"An existing connection was forcibly closed by the remote host.\" }) }","target":"quaint::connector::postgres::native"}}
2026-01-31 16:51:53 [error]: Transak session creation failed {"error":{"statusCode":400,"message":"referrerDomain is required","errorCode":9001}}
2026-01-31 16:51:53 [error]: Create on-ramp widget failed {"error":{"statusCode":500,"isOperational":true},"userId":"ba17a4dd-b39f-4361-aa0c-4c87d2f51666"}
2026-01-31 16:59:39 [error]: Transak session creation failed {"error":{"statusCode":401,"message":"Invalid or missing access-token.","errorCode":1002}}
2026-01-31 16:59:39 [error]: Create on-ramp widget failed {"error":{"statusCode":500,"isOperational":true},"userId":"ba17a4dd-b39f-4361-aa0c-4c87d2f51666"}
2026-01-31 17:05:12 [error]: Transak session creation failed {"error":{"statusCode":401,"message":"Invalid or missing access-token.","errorCode":1002}}
2026-01-31 17:05:12 [error]: Create on-ramp widget failed {"error":{"statusCode":500,"isOperational":true},"userId":"ba17a4dd-b39f-4361-aa0c-4c87d2f51666"}
2026-01-31 17:06:45 [error]: Transak session creation failed {"error":{"statusCode":401,"message":"Invalid or missing access-token.","errorCode":1002}}
2026-01-31 17:06:45 [error]: Create on-ramp widget failed {"error":{"statusCode":500,"isOperational":true},"userId":"ba17a4dd-b39f-4361-aa0c-4c87d2f51666"}
2026-01-31 17:07:53 [error]: Transak session creation failed {"error":{"statusCode":401,"message":"Invalid or missing access-token.","errorCode":1002}}
2026-01-31 17:07:53 [error]: Create on-ramp widget failed {"error":{"statusCode":500,"isOperational":true},"userId":"ba17a4dd-b39f-4361-aa0c-4c87d2f51666"}
2026-01-31 17:15:49 [error]: Transfer failed {"userId":"ba17a4dd-b39f-4361-aa0c-4c87d2f51666","error":{"statusCode":400,"isOperational":true}}
2026-01-31 17:17:48 [error]: Transak session creation failed {"error":{"statusCode":401,"message":"Invalid or missing access-token.","errorCode":1002}}
2026-01-31 17:17:48 [error]: Create on-ramp widget failed {"error":{"statusCode":500,"isOperational":true},"userId":"ba17a4dd-b39f-4361-aa0c-4c87d2f51666"}
2026-01-31 22:55:50 [error]: Transak session creation failed {"error":{"statusCode":401,"message":"Invalid or missing access-token.","errorCode":1002}}
2026-01-31 22:55:50 [error]: Create on-ramp widget failed {"error":{"statusCode":500,"isOperational":true},"userId":"ba17a4dd-b39f-4361-aa0c-4c87d2f51666"}
2026-01-31 23:08:51 [error]: Transak session creation failed {"error":{"statusCode":401,"message":"Invalid or missing access-token.","errorCode":1002}}
2026-01-31 23:08:51 [error]: Create on-ramp widget failed {"error":{"statusCode":500,"isOperational":true},"userId":"ba17a4dd-b39f-4361-aa0c-4c87d2f51666"}
2026-01-31 23:09:26 [error]: Failed to generate Transak access token {"error":{"statusCode":404,"message":"Not Found","errorCode":9001}}
2026-01-31 23:09:26 [error]: Transak session creation failed {"error":{"statusCode":404,"message":"Not Found","errorCode":9001}}
2026-01-31 23:09:26 [error]: Create on-ramp widget failed {"error":{"statusCode":500,"isOperational":true},"userId":"ba17a4dd-b39f-4361-aa0c-4c87d2f51666"}
2026-01-31 23:14:07 [error]: Failed to generate Transak access token {"error":{"statusCode":404,"message":"Not Found","errorCode":9001}}
2026-01-31 23:14:07 [error]: Transak session creation failed {"error":{"statusCode":404,"message":"Not Found","errorCode":9001}}
2026-01-31 23:14:07 [error]: Create on-ramp widget failed {"error":{"statusCode":500,"isOperational":true},"userId":"ba17a4dd-b39f-4361-aa0c-4c87d2f51666"}
2026-01-31 23:18:56 [error]: Failed to generate Transak access token {"error":{"statusCode":404,"message":"Not Found","errorCode":9001}}
2026-01-31 23:18:56 [error]: Transak session creation failed {"error":{"statusCode":404,"message":"Not Found","errorCode":9001}}
2026-01-31 23:18:56 [error]: Create on-ramp widget failed {"error":{"statusCode":500,"isOperational":true},"userId":"ba17a4dd-b39f-4361-aa0c-4c87d2f51666"}
2026-01-31 23:52:35 [error]: Transak session creation failed {"error":{"statusCode":401,"message":"Invalid or missing access-token.","errorCode":1002}}
2026-01-31 23:52:35 [error]: Create on-ramp widget failed {"error":{"statusCode":500,"isOperational":true},"userId":"ba17a4dd-b39f-4361-aa0c-4c87d2f51666"}
2026-01-31 23:53:15 [error]: Transak session creation failed {"error":{"statusCode":401,"message":"Invalid or missing access-token.","errorCode":1002}}
2026-01-31 23:53:15 [error]: Create on-ramp widget failed {"error":{"statusCode":500,"isOperational":true},"userId":"ba17a4dd-b39f-4361-aa0c-4c87d2f51666"}
2026-01-31 23:56:45 [error]: Transak session creation failed {"error":{"statusCode":401,"message":"Invalid or missing access-token.","errorCode":1002}}
2026-01-31 23:56:45 [error]: Create on-ramp widget failed {"error":{"statusCode":500,"isOperational":true},"userId":"ba17a4dd-b39f-4361-aa0c-4c87d2f51666"}
2026-01-31 23:57:02 [error]: Transak session creation failed {"error":{"statusCode":401,"message":"Invalid or missing access-token.","errorCode":1002}}
2026-01-31 23:57:02 [error]: Create on-ramp widget failed {"error":{"statusCode":500,"isOperational":true},"userId":"ba17a4dd-b39f-4361-aa0c-4c87d2f51666"}
2026-01-31 23:59:21 [error]: Transak session creation failed {"error":{"statusCode":401,"message":"Invalid or missing access-token.","errorCode":1002}}
2026-01-31 23:59:21 [error]: Create on-ramp widget failed {"error":{"statusCode":500,"isOperational":true},"userId":"ba17a4dd-b39f-4361-aa0c-4c87d2f51666"}
2026-01-31 23:59:38 [error]: Prisma Error {"error":{"timestamp":"2026-01-31T18:29:38.042Z","message":"Error in PostgreSQL connection: Error { kind: Io, cause: Some(Os { code: 10054, kind: ConnectionReset, message: \"An existing connection was forcibly closed by the remote host.\" }) }","target":"quaint::connector::postgres::native"}}
2026-01-31 23:59:38 [error]: Prisma Error {"error":{"timestamp":"2026-01-31T18:29:38.190Z","message":"Error in PostgreSQL connection: Error { kind: Io, cause: Some(Os { code: 10054, kind: ConnectionReset, message: \"An existing connection was forcibly closed by the remote host.\" }) }","target":"quaint::connector::postgres::native"}}
2026-01-31 23:59:38 [error]: Prisma Error {"error":{"timestamp":"2026-01-31T18:29:38.201Z","message":"Error in PostgreSQL connection: Error { kind: Io, cause: Some(Os { code: 10054, kind: ConnectionReset, message: \"An existing connection was forcibly closed by the remote host.\" }) }","target":"quaint::connector::postgres::native"}}
2026-02-01 00:03:00 [error]: Transak session creation failed {"error":{"statusCode":401,"message":"Invalid or missing access-token.","errorCode":1002}}
2026-02-01 00:03:00 [error]: Create on-ramp widget failed {"error":{"statusCode":500,"isOperational":true},"userId":"ba17a4dd-b39f-4361-aa0c-4c87d2f51666"}
